<!doctype html>
<html lang="en"><head><meta charSet="utf-8"/><meta http-equiv="X-UA-Compatible" content="IE=edge"/><meta name="viewport" content="width=device-width, initial-scale=1"/><title>Mochawesome Report</title><link rel="stylesheet" href="assets/app.css"/></head><body data-raw="{&quot;stats&quot;:{&quot;suites&quot;:2,&quot;tests&quot;:6,&quot;passes&quot;:3,&quot;pending&quot;:0,&quot;failures&quot;:3,&quot;start&quot;:&quot;2020-05-19T05:14:40.989Z&quot;,&quot;end&quot;:&quot;2020-05-19T05:14:40.989Z&quot;,&quot;duration&quot;:12901,&quot;testsRegistered&quot;:6,&quot;passPercent&quot;:50,&quot;pendingPercent&quot;:0,&quot;other&quot;:0,&quot;hasOther&quot;:false,&quot;skipped&quot;:0,&quot;hasSkipped&quot;:false},&quot;results&quot;:[{&quot;uuid&quot;:&quot;976479fe-b585-4d8d-a68e-286d2f1ff659&quot;,&quot;title&quot;:&quot;&quot;,&quot;fullFile&quot;:&quot;cypress/integration/test-spec.js&quot;,&quot;file&quot;:&quot;cypress/integration/test-spec.js&quot;,&quot;beforeHooks&quot;:[],&quot;afterHooks&quot;:[],&quot;tests&quot;:[],&quot;suites&quot;:[{&quot;uuid&quot;:&quot;58821154-0bd9-4674-a49f-b8104038ba8d&quot;,&quot;title&quot;:&quot;home&quot;,&quot;fullFile&quot;:&quot;&quot;,&quot;file&quot;:&quot;&quot;,&quot;beforeHooks&quot;:[],&quot;afterHooks&quot;:[],&quot;tests&quot;:[{&quot;title&quot;:&quot;can visit homepage&quot;,&quot;fullTitle&quot;:&quot;home can visit homepage&quot;,&quot;timedOut&quot;:null,&quot;duration&quot;:997,&quot;state&quot;:&quot;failed&quot;,&quot;speed&quot;:&quot;slow&quot;,&quot;pass&quot;:false,&quot;fail&quot;:true,&quot;pending&quot;:false,&quot;context&quot;:null,&quot;code&quot;:&quot;cy.visit(&#x27;/&#x27;);&quot;,&quot;err&quot;:{&quot;message&quot;:&quot;CypressError: `cy.task(&#x27;coverageReport&#x27;)` failed with the following error:\n\n&gt; Error: Command failed with exit code 1: /Users/charlesbrady/Desktop/cleanup/Development/Starters/MERNolithic_sql/node_modules/.bin/nyc report --report-dir ./coverage --temp-dir /Users/charlesbrady/Desktop/cleanup/Development/Starters/MERNolithic_sql/.nyc_output --reporter=lcov --reporter=clover --reporter=json\n    at makeError (/Users/charlesbrady/Desktop/cleanup/Development/Starters/MERNolithic_sql/node_modules/@cypress/code-coverage/node_modules/execa/lib/error.js:58:11)\n    at handlePromise (/Users/charlesbrady/Desktop/cleanup/Development/Starters/MERNolithic_sql/node_modules/@cypress/code-coverage/node_modules/execa/index.js:114:26)\n\nBecause this error occurred during a `after all` hook we are skipping all of the remaining tests.&quot;,&quot;estack&quot;:&quot;CypressError: `cy.task(&#x27;coverageReport&#x27;)` failed with the following error:\n\n&gt; Error: Command failed with exit code 1: /Users/charlesbrady/Desktop/cleanup/Development/Starters/MERNolithic_sql/node_modules/.bin/nyc report --report-dir ./coverage --temp-dir /Users/charlesbrady/Desktop/cleanup/Development/Starters/MERNolithic_sql/.nyc_output --reporter=lcov --reporter=clover --reporter=json\n    at makeError (/Users/charlesbrady/Desktop/cleanup/Development/Starters/MERNolithic_sql/node_modules/@cypress/code-coverage/node_modules/execa/lib/error.js:58:11)\n    at handlePromise (/Users/charlesbrady/Desktop/cleanup/Development/Starters/MERNolithic_sql/node_modules/@cypress/code-coverage/node_modules/execa/index.js:114:26)\n\nBecause this error occurred during a `after all` hook we are skipping all of the remaining tests.\n    at cypressErr (http://localhost:8081/__cypress/runner/cypress_runner.js:146621:16)\n    at cypressErrByPath (http://localhost:8081/__cypress/runner/cypress_runner.js:146630:10)\n    at Object.throwErrByPath (http://localhost:8081/__cypress/runner/cypress_runner.js:146593:11)\n    at http://localhost:8081/__cypress/runner/cypress_runner.js:136354:26\n    at tryCatcher (http://localhost:8081/__cypress/runner/cypress_runner.js:9065:23)\n    at Promise._settlePromiseFromHandler (http://localhost:8081/__cypress/runner/cypress_runner.js:7000:31)\n    at Promise._settlePromise (http://localhost:8081/__cypress/runner/cypress_runner.js:7057:18)\n    at Promise._settlePromise0 (http://localhost:8081/__cypress/runner/cypress_runner.js:7102:10)\n    at Promise._settlePromises (http://localhost:8081/__cypress/runner/cypress_runner.js:7178:18)\n    at _drainQueueStep (http://localhost:8081/__cypress/runner/cypress_runner.js:3772:12)\n    at _drainQueue (http://localhost:8081/__cypress/runner/cypress_runner.js:3765:9)\n    at Async.../../node_modules/bluebird/js/release/async.js.Async._drainQueues (http://localhost:8081/__cypress/runner/cypress_runner.js:3781:5)\n    at Async.drainQueues (http://localhost:8081/__cypress/runner/cypress_runner.js:3651:14)&quot;,&quot;diff&quot;:null},&quot;uuid&quot;:&quot;63f112b2-5977-49a1-9317-371dc9cb53b3&quot;,&quot;parentUUID&quot;:&quot;58821154-0bd9-4674-a49f-b8104038ba8d&quot;,&quot;isHook&quot;:false,&quot;skipped&quot;:false}],&quot;suites&quot;:[],&quot;passes&quot;:[],&quot;failures&quot;:[&quot;63f112b2-5977-49a1-9317-371dc9cb53b3&quot;],&quot;pending&quot;:[],&quot;skipped&quot;:[],&quot;duration&quot;:997,&quot;root&quot;:false,&quot;rootEmpty&quot;:false,&quot;_timeout&quot;:2000},{&quot;uuid&quot;:&quot;445d5c1c-53d4-4277-b0d1-598f8c5a5f24&quot;,&quot;title&quot;:&quot;Users&quot;,&quot;fullFile&quot;:&quot;&quot;,&quot;file&quot;:&quot;&quot;,&quot;beforeHooks&quot;:[],&quot;afterHooks&quot;:[],&quot;tests&quot;:[{&quot;title&quot;:&quot;Can create user&quot;,&quot;fullTitle&quot;:&quot;Users Can create user&quot;,&quot;timedOut&quot;:null,&quot;duration&quot;:171,&quot;state&quot;:&quot;passed&quot;,&quot;speed&quot;:&quot;slow&quot;,&quot;pass&quot;:true,&quot;fail&quot;:false,&quot;pending&quot;:false,&quot;context&quot;:null,&quot;code&quot;:&quot;cy.request(&#x27;POST&#x27;, \&quot;\&quot;.concat(Cypress.config(&#x27;apiUrl&#x27;), \&quot;/auth/user\&quot;), {\n  firstName: &#x27;charles&#x27;,\n  lastName: &#x27;brady&#x27;,\n  email: &#x27;ranom&#x27;,\n  password: &#x27;myPassword1!&#x27;\n}).then(function (response) {\n  // response.body is automatically serialized into JSON\n  expect(response.body).to.have.property(&#x27;firstName&#x27;, &#x27;charles&#x27;); // true\n});&quot;,&quot;err&quot;:{},&quot;uuid&quot;:&quot;a1e3be93-0b95-415e-ac7b-62a4cf7b8b2f&quot;,&quot;parentUUID&quot;:&quot;445d5c1c-53d4-4277-b0d1-598f8c5a5f24&quot;,&quot;isHook&quot;:false,&quot;skipped&quot;:false},{&quot;title&quot;:&quot;Can authenticate user&quot;,&quot;fullTitle&quot;:&quot;Users Can authenticate user&quot;,&quot;timedOut&quot;:null,&quot;duration&quot;:152,&quot;state&quot;:&quot;passed&quot;,&quot;speed&quot;:&quot;slow&quot;,&quot;pass&quot;:true,&quot;fail&quot;:false,&quot;pending&quot;:false,&quot;context&quot;:null,&quot;code&quot;:&quot;cy.request(&#x27;POST&#x27;, \&quot;\&quot;.concat(Cypress.config(&#x27;apiUrl&#x27;), \&quot;/auth/authenticate\&quot;), {\n  email: &#x27;ranom&#x27;,\n  password: &#x27;myPassword1!&#x27;\n}).then(function (response) {\n  expect(response.body).to.equal(&#x27;OK&#x27;);\n});&quot;,&quot;err&quot;:{},&quot;uuid&quot;:&quot;5054614c-ee61-4a29-b602-0395ffca9eb0&quot;,&quot;parentUUID&quot;:&quot;445d5c1c-53d4-4277-b0d1-598f8c5a5f24&quot;,&quot;isHook&quot;:false,&quot;skipped&quot;:false}],&quot;suites&quot;:[],&quot;passes&quot;:[&quot;a1e3be93-0b95-415e-ac7b-62a4cf7b8b2f&quot;,&quot;5054614c-ee61-4a29-b602-0395ffca9eb0&quot;],&quot;failures&quot;:[],&quot;pending&quot;:[],&quot;skipped&quot;:[],&quot;duration&quot;:323,&quot;root&quot;:false,&quot;rootEmpty&quot;:false,&quot;_timeout&quot;:2000}],&quot;passes&quot;:[],&quot;failures&quot;:[],&quot;pending&quot;:[],&quot;skipped&quot;:[],&quot;duration&quot;:0,&quot;root&quot;:true,&quot;rootEmpty&quot;:true,&quot;_timeout&quot;:2000},{&quot;uuid&quot;:&quot;e14bc51c-f52c-4efe-ad6e-e10e4bcadd4a&quot;,&quot;title&quot;:&quot;&quot;,&quot;fullFile&quot;:&quot;cypress/integration/test.js&quot;,&quot;file&quot;:&quot;cypress/integration/test.js&quot;,&quot;beforeHooks&quot;:[],&quot;afterHooks&quot;:[],&quot;tests&quot;:[],&quot;suites&quot;:[{&quot;uuid&quot;:&quot;d5595c4e-de52-4a26-9575-5b6bfc0dc9a3&quot;,&quot;title&quot;:&quot;Users&quot;,&quot;fullFile&quot;:&quot;&quot;,&quot;file&quot;:&quot;&quot;,&quot;beforeHooks&quot;:[],&quot;afterHooks&quot;:[],&quot;tests&quot;:[{&quot;title&quot;:&quot;Can create user&quot;,&quot;fullTitle&quot;:&quot;Users Can create user&quot;,&quot;timedOut&quot;:null,&quot;duration&quot;:4106,&quot;state&quot;:&quot;failed&quot;,&quot;speed&quot;:&quot;slow&quot;,&quot;pass&quot;:false,&quot;fail&quot;:true,&quot;pending&quot;:false,&quot;context&quot;:null,&quot;code&quot;:&quot;cy.visit(&#x27;/&#x27;);\ncy.get(&#x27;[data-test=\&quot;register-navlink\&quot;]&#x27;).click();\ncy.get(&#x27;[data-test=\&quot;firstName-input\&quot;]&#x27;).type(&#x27;Charles&#x27;);\ncy.get(&#x27;[data-test=\&quot;lastName-input\&quot;]&#x27;).type(&#x27;Charles&#x27;);\ncy.get(&#x27;[data-test=\&quot;email-input\&quot;]&#x27;).type(&#x27;charlesmbrady@gmail.com&#x27;);\ncy.get(&#x27;[data-test=\&quot;password-input\&quot;]&#x27;).type(&#x27;Password1!&#x27;);\ncy.get(&#x27;[data-test=\&quot;passwordConfirmation-input\&quot;]&#x27;).type(&#x27;Password1!&#x27;);\ncy.get(&#x27;[data-test=\&quot;submit-button\&quot;]&#x27;).click();&quot;,&quot;err&quot;:{&quot;message&quot;:&quot;CypressError: `cy.task(&#x27;coverageReport&#x27;)` failed with the following error:\n\n&gt; Error: Command failed with exit code 1: /Users/charlesbrady/Desktop/cleanup/Development/Starters/MERNolithic_sql/node_modules/.bin/nyc report --report-dir ./coverage --temp-dir /Users/charlesbrady/Desktop/cleanup/Development/Starters/MERNolithic_sql/.nyc_output --reporter=lcov --reporter=clover --reporter=json\n    at makeError (/Users/charlesbrady/Desktop/cleanup/Development/Starters/MERNolithic_sql/node_modules/@cypress/code-coverage/node_modules/execa/lib/error.js:58:11)\n    at handlePromise (/Users/charlesbrady/Desktop/cleanup/Development/Starters/MERNolithic_sql/node_modules/@cypress/code-coverage/node_modules/execa/index.js:114:26)\n\nBecause this error occurred during a `after all` hook we are skipping all of the remaining tests.&quot;,&quot;estack&quot;:&quot;CypressError: `cy.task(&#x27;coverageReport&#x27;)` failed with the following error:\n\n&gt; Error: Command failed with exit code 1: /Users/charlesbrady/Desktop/cleanup/Development/Starters/MERNolithic_sql/node_modules/.bin/nyc report --report-dir ./coverage --temp-dir /Users/charlesbrady/Desktop/cleanup/Development/Starters/MERNolithic_sql/.nyc_output --reporter=lcov --reporter=clover --reporter=json\n    at makeError (/Users/charlesbrady/Desktop/cleanup/Development/Starters/MERNolithic_sql/node_modules/@cypress/code-coverage/node_modules/execa/lib/error.js:58:11)\n    at handlePromise (/Users/charlesbrady/Desktop/cleanup/Development/Starters/MERNolithic_sql/node_modules/@cypress/code-coverage/node_modules/execa/index.js:114:26)\n\nBecause this error occurred during a `after all` hook we are skipping all of the remaining tests.\n    at cypressErr (http://localhost:8081/__cypress/runner/cypress_runner.js:146621:16)\n    at cypressErrByPath (http://localhost:8081/__cypress/runner/cypress_runner.js:146630:10)\n    at Object.throwErrByPath (http://localhost:8081/__cypress/runner/cypress_runner.js:146593:11)\n    at http://localhost:8081/__cypress/runner/cypress_runner.js:136354:26\n    at tryCatcher (http://localhost:8081/__cypress/runner/cypress_runner.js:9065:23)\n    at Promise._settlePromiseFromHandler (http://localhost:8081/__cypress/runner/cypress_runner.js:7000:31)\n    at Promise._settlePromise (http://localhost:8081/__cypress/runner/cypress_runner.js:7057:18)\n    at Promise._settlePromise0 (http://localhost:8081/__cypress/runner/cypress_runner.js:7102:10)\n    at Promise._settlePromises (http://localhost:8081/__cypress/runner/cypress_runner.js:7178:18)\n    at _drainQueueStep (http://localhost:8081/__cypress/runner/cypress_runner.js:3772:12)\n    at _drainQueue (http://localhost:8081/__cypress/runner/cypress_runner.js:3765:9)\n    at Async.../../node_modules/bluebird/js/release/async.js.Async._drainQueues (http://localhost:8081/__cypress/runner/cypress_runner.js:3781:5)\n    at Async.drainQueues (http://localhost:8081/__cypress/runner/cypress_runner.js:3651:14)&quot;,&quot;diff&quot;:null},&quot;uuid&quot;:&quot;9e243ed8-00fd-41ee-893f-fe2f6be1d5d6&quot;,&quot;parentUUID&quot;:&quot;d5595c4e-de52-4a26-9575-5b6bfc0dc9a3&quot;,&quot;isHook&quot;:false,&quot;skipped&quot;:false},{&quot;title&quot;:&quot;Can login with existing user&quot;,&quot;fullTitle&quot;:&quot;Users Can login with existing user&quot;,&quot;timedOut&quot;:null,&quot;duration&quot;:1311,&quot;state&quot;:&quot;passed&quot;,&quot;speed&quot;:&quot;slow&quot;,&quot;pass&quot;:true,&quot;fail&quot;:false,&quot;pending&quot;:false,&quot;context&quot;:null,&quot;code&quot;:&quot;cy.visit(&#x27;/&#x27;);\ncy.get(&#x27;[data-test=\&quot;login-navlink\&quot;]&#x27;).click();\ncy.get(&#x27;[data-test=\&quot;email-input\&quot;]&#x27;).type(&#x27;charlesmbrady@gmail.com&#x27;);\ncy.get(&#x27;[data-test=\&quot;password-input\&quot;]&#x27;).type(&#x27;Password1!&#x27;);\ncy.get(&#x27;[data-test=\&quot;submit-button\&quot;]&#x27;).click();\ncy.visit(&#x27;/dashboard&#x27;);&quot;,&quot;err&quot;:{},&quot;uuid&quot;:&quot;518de81e-3979-4531-a3f9-3c61f03eaf7b&quot;,&quot;parentUUID&quot;:&quot;d5595c4e-de52-4a26-9575-5b6bfc0dc9a3&quot;,&quot;isHook&quot;:false,&quot;skipped&quot;:false},{&quot;title&quot;:&quot;Can logout&quot;,&quot;fullTitle&quot;:&quot;Users Can logout&quot;,&quot;timedOut&quot;:null,&quot;duration&quot;:6164,&quot;state&quot;:&quot;failed&quot;,&quot;speed&quot;:null,&quot;pass&quot;:false,&quot;fail&quot;:true,&quot;pending&quot;:false,&quot;context&quot;:null,&quot;code&quot;:&quot;cy.visit(&#x27;/&#x27;);\ncy.get(&#x27;[data-test=\&quot;login-navlink\&quot;]&#x27;).click();\ncy.get(&#x27;[data-test=\&quot;email-input\&quot;]&#x27;).type(&#x27;charlesmbrady@gmail.com&#x27;);\ncy.get(&#x27;[data-test=\&quot;password-input\&quot;]&#x27;).type(&#x27;Password1!&#x27;);\ncy.get(&#x27;[data-test=\&quot;submit-button\&quot;]&#x27;).click();\ncy.visit(&#x27;/dashboard&#x27;);\ncy.get(&#x27;[data-test=\&quot;logout-button\&quot;]&#x27;).click();&quot;,&quot;err&quot;:{&quot;message&quot;:&quot;AssertionError: Timed out retrying: Expected to find element: `[data-test=\&quot;logout-button\&quot;]`, but never found it.&quot;,&quot;estack&quot;:&quot;AssertionError: Timed out retrying: Expected to find element: `[data-test=\&quot;logout-button\&quot;]`, but never found it.\n    at ensureExistence (http://localhost:8081/__cypress/runner/cypress_runner.js:137673:32)\n    at Object.ensureElExistence (http://localhost:8081/__cypress/runner/cypress_runner.js:137691:12)\n    at ensureExistence (http://localhost:8081/__cypress/runner/cypress_runner.js:127867:23)\n    at onFailFn (http://localhost:8081/__cypress/runner/cypress_runner.js:127905:9)\n    at tryCatcher (http://localhost:8081/__cypress/runner/cypress_runner.js:9065:23)\n    at Promise._settlePromiseFromHandler (http://localhost:8081/__cypress/runner/cypress_runner.js:7000:31)\n    at Promise._settlePromise (http://localhost:8081/__cypress/runner/cypress_runner.js:7057:18)\n    at Promise._settlePromise0 (http://localhost:8081/__cypress/runner/cypress_runner.js:7102:10)\n    at Promise._settlePromises (http://localhost:8081/__cypress/runner/cypress_runner.js:7178:18)\n    at _drainQueueStep (http://localhost:8081/__cypress/runner/cypress_runner.js:3772:12)\n    at _drainQueue (http://localhost:8081/__cypress/runner/cypress_runner.js:3765:9)\n    at Async.../../node_modules/bluebird/js/release/async.js.Async._drainQueues (http://localhost:8081/__cypress/runner/cypress_runner.js:3781:5)\n    at Async.drainQueues (http://localhost:8081/__cypress/runner/cypress_runner.js:3651:14)&quot;,&quot;diff&quot;:null},&quot;uuid&quot;:&quot;e3c6da25-0fb3-480d-adff-c1dec907724d&quot;,&quot;parentUUID&quot;:&quot;d5595c4e-de52-4a26-9575-5b6bfc0dc9a3&quot;,&quot;isHook&quot;:false,&quot;skipped&quot;:false}],&quot;suites&quot;:[],&quot;passes&quot;:[&quot;518de81e-3979-4531-a3f9-3c61f03eaf7b&quot;],&quot;failures&quot;:[&quot;9e243ed8-00fd-41ee-893f-fe2f6be1d5d6&quot;,&quot;e3c6da25-0fb3-480d-adff-c1dec907724d&quot;],&quot;pending&quot;:[],&quot;skipped&quot;:[],&quot;duration&quot;:11581,&quot;root&quot;:false,&quot;rootEmpty&quot;:false,&quot;_timeout&quot;:2000}],&quot;passes&quot;:[],&quot;failures&quot;:[],&quot;pending&quot;:[],&quot;skipped&quot;:[],&quot;duration&quot;:0,&quot;root&quot;:true,&quot;rootEmpty&quot;:true,&quot;_timeout&quot;:2000}],&quot;meta&quot;:{&quot;mocha&quot;:{&quot;version&quot;:&quot;7.0.1&quot;},&quot;mochawesome&quot;:{&quot;options&quot;:{&quot;quiet&quot;:true,&quot;reportFilename&quot;:&quot;mochawesome&quot;,&quot;saveHtml&quot;:false,&quot;saveJson&quot;:true,&quot;consoleReporter&quot;:&quot;spec&quot;,&quot;useInlineDiffs&quot;:false},&quot;version&quot;:&quot;4.1.0&quot;},&quot;marge&quot;:{&quot;options&quot;:{&quot;reportDir&quot;:&quot;cypress/reports/integration/reports/mocha&quot;,&quot;quiet&quot;:true,&quot;html&quot;:false,&quot;overwrite&quot;:false,&quot;json&quot;:true},&quot;version&quot;:&quot;4.1.0&quot;}}}" data-config="{&quot;reportFilename&quot;:&quot;report&quot;,&quot;reportDir&quot;:&quot;cypress/reports/integration/public/&quot;,&quot;reportTitle&quot;:&quot;MERNolithic_sql&quot;,&quot;reportPageTitle&quot;:&quot;Mochawesome Report&quot;,&quot;inline&quot;:false,&quot;inlineAssets&quot;:false,&quot;cdn&quot;:false,&quot;charts&quot;:false,&quot;enableCharts&quot;:false,&quot;code&quot;:true,&quot;enableCode&quot;:true,&quot;autoOpen&quot;:false,&quot;overwrite&quot;:true,&quot;timestamp&quot;:false,&quot;ts&quot;:false,&quot;showPassed&quot;:true,&quot;showFailed&quot;:true,&quot;showPending&quot;:true,&quot;showSkipped&quot;:false,&quot;showHooks&quot;:&quot;failed&quot;,&quot;saveJson&quot;:false,&quot;saveHtml&quot;:true,&quot;dev&quot;:false,&quot;assetsDir&quot;:&quot;cypress/reports/integration/public/assets&quot;,&quot;htmlFile&quot;:&quot;/Users/charlesbrady/Desktop/cleanup/Development/Starters/MERNolithic_sql/cypress/reports/integration/public/report.html&quot;}"><div id="report"></div><script src="assets/app.js"></script></body></html>